<?xml version="1.0" encoding="UTF-8"?>
<!-- Generated by org.testng.reporters.JUnitXMLReporter -->
<testsuite ignored="0" hostname="LAPTOP-KJ30JB56" failures="0" tests="1" name="Default test(failed)" time="0.01" errors="0" timestamp="2022-04-23T17:33:45 IST">
  <testcase classname="com.inetBanking.testcases.BaseClass" name="@BeforeClass setup" time="-1.650715425322E9">
    <failure type="org.testng.TestNGException" message="
Parameter &amp;apos;browser&amp;apos; is required by BeforeClass on method setup but has not been marked @Optional or defined
in C:\Users\saiko\eclipse-workspace\inetBankingV1\test-output\testng-failed.xml">
      <![CDATA[org.testng.TestNGException: 
Parameter 'browser' is required by BeforeClass on method setup but has not been marked @Optional or defined
in C:\Users\saiko\eclipse-workspace\inetBankingV1\test-output\testng-failed.xml
at java.base/java.util.ArrayList.forEach(ArrayList.java:1511)
... Removed 22 stack frames]]>
    </failure>
  </testcase> <!-- @BeforeClass setup -->
  <testcase classname="com.inetBanking.testcases.BaseClass" name="@AfterClass tearDown" time="0.0">
    <skipped/>
  </testcase> <!-- @AfterClass tearDown -->
  <testcase classname="com.inetBanking.testcases.TC_Login_Test_001" name="Logintest" time="0.0">
    <skipped/>
  </testcase> <!-- Logintest -->
</testsuite> <!-- Default test(failed) -->
